<?xml version="1.0" encoding="UTF-8"?>
<testng-results skipped="0" failed="0" ignored="0" total="1" passed="1">
  <reporter-output>
  </reporter-output>
  <suite name="Default suite" duration-ms="11897" started-at="2017-07-07T21:41:26Z" finished-at="2017-07-07T21:41:38Z">
    <groups>
    </groups>
    <test name="Default test" duration-ms="11897" started-at="2017-07-07T21:41:26Z" finished-at="2017-07-07T21:41:38Z">
      <class name="AdminPortal.com.AdminPortal.LoginAdminV2">
        <test-method status="PASS" signature="TestLogin()[pri:0, instance:AdminPortal.com.AdminPortal.LoginAdminV2@cc285f4]" name="TestLogin" duration-ms="11873" started-at="2017-07-07T17:41:26Z" finished-at="2017-07-07T17:41:38Z">
          <reporter-output>
          </reporter-output>
        </test-method> <!-- TestLogin -->
      </class> <!-- AdminPortal.com.AdminPortal.LoginAdminV2 -->
    </test> <!-- Default test -->
  </suite> <!-- Default suite -->
</testng-results>
